<?xml version="1.0" encoding="UTF-8"?>
<testng-results ignored="0" total="2" passed="2" failed="0" skipped="0">
  <reporter-output>
  </reporter-output>
  <suite started-at="2022-10-31T12:30:38 IST" name="Default suite" finished-at="2022-10-31T12:31:51 IST" duration-ms="73095">
    <groups>
      <group name="cucumber">
        <method signature="AbstractTestNGCucumberTests.runScenario(io.cucumber.testng.PickleWrapper, io.cucumber.testng.FeatureWrapper)[pri:0, instance:runners.ICapRunner@7a69b07]" name="runScenario" class="io.cucumber.testng.AbstractTestNGCucumberTests"/>
      </group> <!-- cucumber -->
    </groups>
    <test started-at="2022-10-31T12:30:38 IST" name="Default test" finished-at="2022-10-31T12:31:51 IST" duration-ms="73095">
      <class name="runners.ICapRunner">
        <test-method is-config="true" signature="setUpClass()[pri:0, instance:runners.ICapRunner@7a69b07]" started-at="2022-10-31T12:30:38 IST" name="setUpClass" finished-at="2022-10-31T12:30:39 IST" duration-ms="675" status="PASS">
          <reporter-output>
          </reporter-output>
        </test-method> <!-- setUpClass -->
        <test-method is-config="true" signature="setup()[pri:0, instance:runners.ICapRunner@7a69b07]" started-at="2022-10-31T12:30:39 IST" name="setup" finished-at="2022-10-31T12:30:41 IST" duration-ms="1654" status="PASS">
          <reporter-output>
          </reporter-output>
        </test-method> <!-- setup -->
        <test-method signature="runScenario(io.cucumber.testng.PickleWrapper, io.cucumber.testng.FeatureWrapper)[pri:0, instance:runners.ICapRunner@7a69b07]" started-at="2022-10-31T12:30:41 IST" name="runScenario" description="Runs Cucumber Scenarios" data-provider="scenarios" finished-at="2022-10-31T12:31:50 IST" duration-ms="69330" status="PASS">
          <params>
            <param index="0">
              <value>
                <![CDATA["Add Fund"]]>
              </value>
            </param>
            <param index="1">
              <value>
                <![CDATA["Optional[iCapEquity feature file]"]]>
              </value>
            </param>
          </params>
          <reporter-output>
          </reporter-output>
        </test-method> <!-- runScenario -->
        <test-method signature="testclass()[pri:0, instance:runners.ICapRunner@7a69b07]" started-at="2022-10-31T12:31:50 IST" name="testclass" finished-at="2022-10-31T12:31:50 IST" duration-ms="1" status="PASS">
          <reporter-output>
          </reporter-output>
        </test-method> <!-- testclass -->
        <test-method is-config="true" signature="tearDownClass()[pri:0, instance:runners.ICapRunner@7a69b07]" started-at="2022-10-31T12:31:50 IST" name="tearDownClass" finished-at="2022-10-31T12:31:51 IST" duration-ms="1379" status="PASS">
          <reporter-output>
          </reporter-output>
        </test-method> <!-- tearDownClass -->
        <test-method is-config="true" signature="reportBkp()[pri:0, instance:runners.ICapRunner@7a69b07]" started-at="2022-10-31T12:31:51 IST" name="reportBkp" finished-at="2022-10-31T12:31:51 IST" duration-ms="3" status="PASS">
          <reporter-output>
          </reporter-output>
        </test-method> <!-- reportBkp -->
      </class> <!-- runners.ICapRunner -->
    </test> <!-- Default test -->
  </suite> <!-- Default suite -->
</testng-results>
