<?xml version="1.0" encoding="UTF-8"?>
<!-- Generated by org.testng.reporters.JUnitReportReporter -->
<testsuite hostname="DESKTOP-004OQLE" failures="0" tests="2" name="runclass2.amazonrunner" time="35.684" errors="1" timestamp="2022-10-21T00:28:20 IST" skipped="0">
  <testcase classname="runclass2.amazonrunner" name="testclass" time="0.002"/>
  <system-out/>
  <testcase classname="runclass2.amazonrunner" name="runScenario" time="35.682">
    <error message="Destination &#039;C:\Users\ravit\Dropbox\Screenshots&#039; directory cannot be created" type="java.io.IOException">
      <![CDATA[java.io.IOException: Destination 'C:\Users\ravit\Dropbox\Screenshots' directory cannot be created
at org.apache.commons.io.FileUtils.copyFile(FileUtils.java:1070)
at org.apache.commons.io.FileUtils.copyFile(FileUtils.java:1028)
at amazonpage.amazonepage.submitbutton(amazonepage.java:96)
at amazondefi.amazondefi.user_provides_required_username_and_password_credentials(amazondefi.java:52)
at ✽.user provides required username and password credentials(file:///C:/Users/LSN-ASUS/Codes/CucumberTestNG/src/test/resources/amazon.feature:9)
]]>
    </error>
  </testcase> <!-- runScenario -->
  <system-out/>
</testsuite> <!-- runclass2.amazonrunner -->
